<?xml version="1.0" encoding="UTF-8"?>
<!-- Generated by org.testng.reporters.JUnitXMLReporter -->
<testsuite ignored="0" hostname="null-MBP.lan" failures="0" tests="3" name="Default test" time="34.116" errors="0" timestamp="2023-10-22T17:12:42 GMT-07:00">
  <testcase classname="base.Base" name="f" time="0.012"/>
  <testcase classname="test.AddToCartTestValidation" name="validateAddToCart" time="22.537"/>
  <testcase classname="test.AddToCartTestValidation" name="validateProceedToCheckout" time="4.575"/>
</testsuite> <!-- Default test -->
