<?xml version="1.0" encoding="UTF-8"?>
<!-- Generated by org.testng.reporters.JUnitXMLReporter -->
<testsuite ignored="12" hostname="null-MBP.lan" failures="0" tests="13" name="TestViaChrome" time="96.932" errors="0" timestamp="2023-10-23T17:57:55 GMT-07:00">
  <testcase classname="test.LandingValidation" name="validateUrl" time="0.084"/>
  <testcase classname="test.LandingValidation" name="validateTitle" time="0.07"/>
  <testcase classname="test.LandingPageValidation" name="validateNewReleases" time="4.148"/>
  <testcase classname="test.LandingPageValidation" name="validateWishList" time="4.075"/>
  <testcase classname="test.LandingPageValidation" name="validatePrime" time="3.149"/>
  <testcase classname="test.LandingPageValidation" name="validateSearch" time="4.065"/>
  <testcase classname="test.SearchPageValidation" name="validateSearchResult" time="3.256"/>
  <testcase classname="test.SearchPageValidation" name="validatePrice" time="0.145"/>
  <testcase classname="test.SearchPageValidation" name="validateNavigation" time="9.023"/>
  <testcase classname="test.ItemPageValidations" name="validateDeliveryBox" time="15.302"/>
  <testcase classname="test.SponsorLinkValidation" name="validateSponsoredLink" time="23.757"/>
  <testcase classname="test.AddToCartTestValidation" name="validateAddToCart" time="13.702"/>
  <testcase classname="test.AddToCartTestValidation" name="validateProceedToCheckout" time="6.462"/>
  <testcase classname="base.Base" name="@AfterSuite afterSuite" time="0.0">
    <ignored/>
  </testcase> <!-- @AfterSuite afterSuite -->
  <testcase classname="base.Base" name="@AfterSuite afterSuite" time="0.0">
    <ignored/>
  </testcase> <!-- @AfterSuite afterSuite -->
  <testcase classname="base.Base" name="@AfterSuite afterSuite" time="0.0">
    <ignored/>
  </testcase> <!-- @AfterSuite afterSuite -->
  <testcase classname="base.Base" name="@AfterSuite afterSuite" time="0.0">
    <ignored/>
  </testcase> <!-- @AfterSuite afterSuite -->
  <testcase classname="base.Base" name="@BeforeTest beforeTest" time="0.0">
    <ignored/>
  </testcase> <!-- @BeforeTest beforeTest -->
  <testcase classname="base.Base" name="@BeforeTest beforeTest" time="0.0">
    <ignored/>
  </testcase> <!-- @BeforeTest beforeTest -->
  <testcase classname="base.Base" name="@BeforeTest beforeTest" time="0.0">
    <ignored/>
  </testcase> <!-- @BeforeTest beforeTest -->
  <testcase classname="base.Base" name="@BeforeTest beforeTest" time="0.0">
    <ignored/>
  </testcase> <!-- @BeforeTest beforeTest -->
  <testcase classname="base.Base" name="@AfterSuite afterSuite" time="0.0">
    <ignored/>
  </testcase> <!-- @AfterSuite afterSuite -->
  <testcase classname="base.Base" name="@AfterSuite afterSuite" time="0.0">
    <ignored/>
  </testcase> <!-- @AfterSuite afterSuite -->
  <testcase classname="base.Base" name="@BeforeTest beforeTest" time="0.0">
    <ignored/>
  </testcase> <!-- @BeforeTest beforeTest -->
  <testcase classname="base.Base" name="@BeforeTest beforeTest" time="0.0">
    <ignored/>
  </testcase> <!-- @BeforeTest beforeTest -->
</testsuite> <!-- TestViaChrome -->
